# JRE version: OpenJDK Runtime Environment (8.0_152-b01) (build 1.8.0_152-release-1343-b01)
# Java VM: OpenJDK 64-Bit Server VM (25.152-b01 mixed mode windows-amd64 compressed oops)
Heap:
 PSYoungGen      total 193024K, used 66002K [0x00000000e0000000, 0x00000000ee580000, 0x0000000100000000)
  eden space 168960K, 24% used [0x00000000e0000000,0x00000000e28fbfb8,0x00000000ea500000)
  from space 24064K, 99% used [0x00000000ece00000,0x00000000ee578ab0,0x00000000ee580000)
  to   space 17920K, 0% used [0x00000000ea500000,0x00000000ea500000,0x00000000eb680000)
 ParOldGen       total 252928K, used 43483K [0x00000000a0000000, 0x00000000af700000, 0x00000000e0000000)
  object space 252928K, 17% used [0x00000000a0000000,0x00000000a2a76f90,0x00000000af700000)
 Metaspace       used 78015K, capacity 80654K, committed 80856K, reserved 1120256K
  class space    used 10091K, capacity 10657K, committed 10752K, reserved 1048576K
GC Heap History (10 events):
Event: 15.330 GC heap before
{Heap before GC invocations=11 (full 2):
 PSYoungGen      total 142848K, used 56171K [0x00000000e0000000, 0x00000000ea000000, 0x0000000100000000)
  eden space 128512K, 32% used [0x00000000e0000000,0x00000000e28e2028,0x00000000e7d80000)
  from space 14336K, 99% used [0x00000000e8e00000,0x00000000e9bf8ed0,0x00000000e9c00000)
  to   space 16896K, 0% used [0x00000000e7d80000,0x00000000e7d80000,0x00000000e8e00000)
 ParOldGen       total 181248K, used 20639K [0x00000000a0000000, 0x00000000ab100000, 0x00000000e0000000)
  object space 181248K, 11% used [0x00000000a0000000,0x00000000a1427d68,0x00000000ab100000)
 Metaspace       used 57589K, capacity 58846K, committed 59028K, reserved 1099776K
  class space    used 7641K, capacity 7930K, committed 7936K, reserved 1048576K
Event: 15.346 GC heap after
Heap after GC invocations=11 (full 2):
 PSYoungGen      total 145408K, used 14725K [0x00000000e0000000, 0x00000000ecc00000, 0x0000000100000000)
  eden space 128512K, 0% used [0x00000000e0000000,0x00000000e0000000,0x00000000e7d80000)
  from space 16896K, 87% used [0x00000000e7d80000,0x00000000e8be17a8,0x00000000e8e00000)
  to   space 17920K, 0% used [0x00000000eba80000,0x00000000eba80000,0x00000000ecc00000)
 ParOldGen       total 181248K, used 20647K [0x00000000a0000000, 0x00000000ab100000, 0x00000000e0000000)
  object space 181248K, 11% used [0x00000000a0000000,0x00000000a1429d68,0x00000000ab100000)
 Metaspace       used 57589K, capacity 58846K, committed 59028K, reserved 1099776K
  class space    used 7641K, capacity 7930K, committed 7936K, reserved 1048576K
}
Event: 15.346 GC heap before
{Heap before GC invocations=12 (full 3):
 PSYoungGen      total 145408K, used 14725K [0x00000000e0000000, 0x00000000ecc00000, 0x0000000100000000)
  eden space 128512K, 0% used [0x00000000e0000000,0x00000000e0000000,0x00000000e7d80000)
  from space 16896K, 87% used [0x00000000e7d80000,0x00000000e8be17a8,0x00000000e8e00000)
  to   space 17920K, 0% used [0x00000000eba80000,0x00000000eba80000,0x00000000ecc00000)
 ParOldGen       total 181248K, used 20647K [0x00000000a0000000, 0x00000000ab100000, 0x00000000e0000000)
  object space 181248K, 11% used [0x00000000a0000000,0x00000000a1429d68,0x00000000ab100000)
 Metaspace       used 57589K, capacity 58846K, committed 59028K, reserved 1099776K
  class space    used 7641K, capacity 7930K, committed 7936K, reserved 1048576K
Event: 15.581 GC heap after
Heap after GC invocations=12 (full 3):
 PSYoungGen      total 145408K, used 0K [0x00000000e0000000, 0x00000000ecc00000, 0x0000000100000000)
  eden space 128512K, 0% used [0x00000000e0000000,0x00000000e0000000,0x00000000e7d80000)
  from space 16896K, 0% used [0x00000000e7d80000,0x00000000e7d80000,0x00000000e8e00000)
  to   space 17920K, 0% used [0x00000000eba80000,0x00000000eba80000,0x00000000ecc00000)
 ParOldGen       total 252928K, used 28551K [0x00000000a0000000, 0x00000000af700000, 0x00000000e0000000)
  object space 252928K, 11% used [0x00000000a0000000,0x00000000a1be1e20,0x00000000af700000)
 Metaspace       used 57563K, capacity 58758K, committed 59028K, reserved 1099776K
  class space    used 7634K, capacity 7922K, committed 7936K, reserved 1048576K
}
Event: 18.869 GC heap before
{Heap before GC invocations=13 (full 3):
 PSYoungGen      total 145408K, used 128512K [0x00000000e0000000, 0x00000000ecc00000, 0x0000000100000000)
  eden space 128512K, 100% used [0x00000000e0000000,0x00000000e7d80000,0x00000000e7d80000)
  from space 16896K, 0% used [0x00000000e7d80000,0x00000000e7d80000,0x00000000e8e00000)
  to   space 17920K, 0% used [0x00000000eba80000,0x00000000eba80000,0x00000000ecc00000)
 ParOldGen       total 252928K, used 28551K [0x00000000a0000000, 0x00000000af700000, 0x00000000e0000000)
  object space 252928K, 11% used [0x00000000a0000000,0x00000000a1be1e20,0x00000000af700000)
 Metaspace       used 65829K, capacity 67576K, committed 67800K, reserved 1107968K
  class space    used 8803K, capacity 9207K, committed 9216K, reserved 1048576K
Event: 18.884 GC heap after
Heap after GC invocations=13 (full 3):
 PSYoungGen      total 169984K, used 13349K [0x00000000e0000000, 0x00000000ec800000, 0x0000000100000000)
  eden space 156160K, 0% used [0x00000000e0000000,0x00000000e0000000,0x00000000e9880000)
  from space 13824K, 96% used [0x00000000eba80000,0x00000000ec7895b0,0x00000000ec800000)
  to   space 17920K, 0% used [0x00000000ea500000,0x00000000ea500000,0x00000000eb680000)
 ParOldGen       total 252928K, used 28559K [0x00000000a0000000, 0x00000000af700000, 0x00000000e0000000)
  object space 252928K, 11% used [0x00000000a0000000,0x00000000a1be3e20,0x00000000af700000)
 Metaspace       used 65829K, capacity 67576K, committed 67800K, reserved 1107968K
  class space    used 8803K, capacity 9207K, committed 9216K, reserved 1048576K
}
Event: 22.465 GC heap before
{Heap before GC invocations=14 (full 3):
 PSYoungGen      total 169984K, used 169001K [0x00000000e0000000, 0x00000000ec800000, 0x0000000100000000)
  eden space 156160K, 99% used [0x00000000e0000000,0x00000000e9800f40,0x00000000e9880000)
  from space 13824K, 96% used [0x00000000eba80000,0x00000000ec7895b0,0x00000000ec800000)
  to   space 17920K, 0% used [0x00000000ea500000,0x00000000ea500000,0x00000000eb680000)
 ParOldGen       total 252928K, used 28559K [0x00000000a0000000, 0x00000000af700000, 0x00000000e0000000)
  object space 252928K, 11% used [0x00000000a0000000,0x00000000a1be3e20,0x00000000af700000)
 Metaspace       used 70432K, capacity 72308K, committed 72664K, reserved 1112064K
  class space    used 9238K, capacity 9691K, committed 9728K, reserved 1048576K
Event: 22.488 GC heap after
Heap after GC invocations=14 (full 3):
 PSYoungGen      total 186880K, used 17899K [0x00000000e0000000, 0x00000000ee580000, 0x0000000100000000)
  eden space 168960K, 0% used [0x00000000e0000000,0x00000000e0000000,0x00000000ea500000)
  from space 17920K, 99% used [0x00000000ea500000,0x00000000eb67ad38,0x00000000eb680000)
  to   space 24064K, 0% used [0x00000000ece00000,0x00000000ece00000,0x00000000ee580000)
 ParOldGen       total 252928K, used 39899K [0x00000000a0000000, 0x00000000af700000, 0x00000000e0000000)
  object space 252928K, 15% used [0x00000000a0000000,0x00000000a26f6db8,0x00000000af700000)
 Metaspace       used 70432K, capacity 72308K, committed 72664K, reserved 1112064K
  class space    used 9238K, capacity 9691K, committed 9728K, reserved 1048576K
}
Event: 29.222 GC heap before
{Heap before GC invocations=15 (full 3):
 PSYoungGen      total 186880K, used 186859K [0x00000000e0000000, 0x00000000ee580000, 0x0000000100000000)
  eden space 168960K, 100% used [0x00000000e0000000,0x00000000ea500000,0x00000000ea500000)
  from space 17920K, 99% used [0x00000000ea500000,0x00000000eb67ad38,0x00000000eb680000)
  to   space 24064K, 0% used [0x00000000ece00000,0x00000000ece00000,0x00000000ee580000)
 ParOldGen       total 252928K, used 39899K [0x00000000a0000000, 0x00000000af700000, 0x00000000e0000000)
  object space 252928K, 15% used [0x00000000a0000000,0x00000000a26f6db8,0x00000000af700000)
 Metaspace       used 77037K, capacity 79466K, committed 79704K, reserved 1118208K
  class space    used 9990K, capacity 10525K, committed 10624K, reserved 1048576K
Event: 29.256 GC heap after
Heap after GC invocations=15 (full 3):
 PSYoungGen      total 193024K, used 24034K [0x00000000e0000000, 0x00000000ee580000, 0x0000000100000000)
  eden space 168960K, 0% used [0x00000000e0000000,0x00000000e0000000,0x00000000ea500000)
  from space 24064K, 99% used [0x00000000ece00000,0x00000000ee578ab0,0x00000000ee580000)
  to   space 17920K, 0% used [0x00000000ea500000,0x00000000ea500000,0x00000000eb680000)
 ParOldGen       total 252928K, used 43483K [0x00000000a0000000, 0x00000000af700000, 0x00000000e0000000)
  object space 252928K, 17% used [0x00000000a0000000,0x00000000a2a76f90,0x00000000af700000)
 Metaspace       used 77037K, capacity 79466K, committed 79704K, reserved 1118208K
  class space    used 9990K, capacity 10525K, committed 10624K, reserved 1048576K
}

