# JRE version: OpenJDK Runtime Environment (8.0_152-b01) (build 1.8.0_152-release-1343-b01)
# Java VM: OpenJDK 64-Bit Server VM (25.152-b01 mixed mode windows-amd64 compressed oops)
Heap:
 PSYoungGen      total 166912K, used 45277K [0x00000000e0000000, 0x00000000eb600000, 0x0000000100000000)
  eden space 149504K, 18% used [0x00000000e0000000,0x00000000e1b3d640,0x00000000e9200000)
  from space 17408K, 99% used [0x00000000e9400000,0x00000000ea4f9f40,0x00000000ea500000)
  to   space 10240K, 0% used [0x00000000eac00000,0x00000000eac00000,0x00000000eb600000)
 ParOldGen       total 260096K, used 35238K [0x00000000a0000000, 0x00000000afe00000, 0x00000000e0000000)
  object space 260096K, 13% used [0x00000000a0000000,0x00000000a2269ba8,0x00000000afe00000)
 Metaspace       used 75733K, capacity 78258K, committed 78632K, reserved 1118208K
  class space    used 10113K, capacity 10670K, committed 10792K, reserved 1048576K
GC Heap History (10 events):
Event: 9.703 GC heap before
{Heap before GC invocations=10 (full 2):
 PSYoungGen      total 109056K, used 109046K [0x00000000e0000000, 0x00000000e9980000, 0x0000000100000000)
  eden space 96768K, 100% used [0x00000000e0000000,0x00000000e5e80000,0x00000000e5e80000)
  from space 12288K, 99% used [0x00000000e5e80000,0x00000000e6a7db78,0x00000000e6a80000)
  to   space 14336K, 0% used [0x00000000e8b80000,0x00000000e8b80000,0x00000000e9980000)
 ParOldGen       total 182272K, used 18424K [0x00000000a0000000, 0x00000000ab200000, 0x00000000e0000000)
  object space 182272K, 10% used [0x00000000a0000000,0x00000000a11fe230,0x00000000ab200000)
 Metaspace       used 54474K, capacity 55710K, committed 55848K, reserved 1097728K
  class space    used 7329K, capacity 7658K, committed 7720K, reserved 1048576K
Event: 9.716 GC heap after
Heap after GC invocations=10 (full 2):
 PSYoungGen      total 140288K, used 14315K [0x00000000e0000000, 0x00000000e9d00000, 0x0000000100000000)
  eden space 125952K, 0% used [0x00000000e0000000,0x00000000e0000000,0x00000000e7b00000)
  from space 14336K, 99% used [0x00000000e8b80000,0x00000000e997ac78,0x00000000e9980000)
  to   space 16896K, 0% used [0x00000000e7b00000,0x00000000e7b00000,0x00000000e8b80000)
 ParOldGen       total 182272K, used 21299K [0x00000000a0000000, 0x00000000ab200000, 0x00000000e0000000)
  object space 182272K, 11% used [0x00000000a0000000,0x00000000a14ccd90,0x00000000ab200000)
 Metaspace       used 54474K, capacity 55710K, committed 55848K, reserved 1097728K
  class space    used 7329K, capacity 7658K, committed 7720K, reserved 1048576K
}
Event: 10.207 GC heap before
{Heap before GC invocations=11 (full 2):
 PSYoungGen      total 140288K, used 55153K [0x00000000e0000000, 0x00000000e9d00000, 0x0000000100000000)
  eden space 125952K, 32% used [0x00000000e0000000,0x00000000e27e18f8,0x00000000e7b00000)
  from space 14336K, 99% used [0x00000000e8b80000,0x00000000e997ac78,0x00000000e9980000)
  to   space 16896K, 0% used [0x00000000e7b00000,0x00000000e7b00000,0x00000000e8b80000)
 ParOldGen       total 182272K, used 21299K [0x00000000a0000000, 0x00000000ab200000, 0x00000000e0000000)
  object space 182272K, 11% used [0x00000000a0000000,0x00000000a14ccd90,0x00000000ab200000)
 Metaspace       used 57699K, capacity 59090K, committed 59160K, reserved 1099776K
  class space    used 7828K, capacity 8182K, committed 8232K, reserved 1048576K
Event: 10.221 GC heap after
Heap after GC invocations=11 (full 2):
 PSYoungGen      total 142848K, used 14946K [0x00000000e0000000, 0x00000000ebd80000, 0x0000000100000000)
  eden space 125952K, 0% used [0x00000000e0000000,0x00000000e0000000,0x00000000e7b00000)
  from space 16896K, 88% used [0x00000000e7b00000,0x00000000e8998a30,0x00000000e8b80000)
  to   space 17920K, 0% used [0x00000000eac00000,0x00000000eac00000,0x00000000ebd80000)
 ParOldGen       total 182272K, used 21307K [0x00000000a0000000, 0x00000000ab200000, 0x00000000e0000000)
  object space 182272K, 11% used [0x00000000a0000000,0x00000000a14ced90,0x00000000ab200000)
 Metaspace       used 57699K, capacity 59090K, committed 59160K, reserved 1099776K
  class space    used 7828K, capacity 8182K, committed 8232K, reserved 1048576K
}
Event: 10.221 GC heap before
{Heap before GC invocations=12 (full 3):
 PSYoungGen      total 142848K, used 14946K [0x00000000e0000000, 0x00000000ebd80000, 0x0000000100000000)
  eden space 125952K, 0% used [0x00000000e0000000,0x00000000e0000000,0x00000000e7b00000)
  from space 16896K, 88% used [0x00000000e7b00000,0x00000000e8998a30,0x00000000e8b80000)
  to   space 17920K, 0% used [0x00000000eac00000,0x00000000eac00000,0x00000000ebd80000)
 ParOldGen       total 182272K, used 21307K [0x00000000a0000000, 0x00000000ab200000, 0x00000000e0000000)
  object space 182272K, 11% used [0x00000000a0000000,0x00000000a14ced90,0x00000000ab200000)
 Metaspace       used 57699K, capacity 59090K, committed 59160K, reserved 1099776K
  class space    used 7828K, capacity 8182K, committed 8232K, reserved 1048576K
Event: 10.397 GC heap after
Heap after GC invocations=12 (full 3):
 PSYoungGen      total 142848K, used 0K [0x00000000e0000000, 0x00000000ebd80000, 0x0000000100000000)
  eden space 125952K, 0% used [0x00000000e0000000,0x00000000e0000000,0x00000000e7b00000)
  from space 16896K, 0% used [0x00000000e7b00000,0x00000000e7b00000,0x00000000e8b80000)
  to   space 17920K, 0% used [0x00000000eac00000,0x00000000eac00000,0x00000000ebd80000)
 ParOldGen       total 260096K, used 28858K [0x00000000a0000000, 0x00000000afe00000, 0x00000000e0000000)
  object space 260096K, 11% used [0x00000000a0000000,0x00000000a1c2e950,0x00000000afe00000)
 Metaspace       used 57699K, capacity 59090K, committed 59160K, reserved 1099776K
  class space    used 7828K, capacity 8182K, committed 8232K, reserved 1048576K
}
Event: 12.690 GC heap before
{Heap before GC invocations=13 (full 3):
 PSYoungGen      total 142848K, used 125952K [0x00000000e0000000, 0x00000000ebd80000, 0x0000000100000000)
  eden space 125952K, 100% used [0x00000000e0000000,0x00000000e7b00000,0x00000000e7b00000)
  from space 16896K, 0% used [0x00000000e7b00000,0x00000000e7b00000,0x00000000e8b80000)
  to   space 17920K, 0% used [0x00000000eac00000,0x00000000eac00000,0x00000000ebd80000)
 ParOldGen       total 260096K, used 28858K [0x00000000a0000000, 0x00000000afe00000, 0x00000000e0000000)
  object space 260096K, 11% used [0x00000000a0000000,0x00000000a1c2e950,0x00000000afe00000)
 Metaspace       used 61312K, capacity 63274K, committed 63400K, reserved 1103872K
  class space    used 8348K, capacity 8812K, committed 8872K, reserved 1048576K
Event: 12.701 GC heap after
Heap after GC invocations=13 (full 3):
 PSYoungGen      total 159744K, used 10013K [0x00000000e0000000, 0x00000000eb600000, 0x0000000100000000)
  eden space 149504K, 0% used [0x00000000e0000000,0x00000000e0000000,0x00000000e9200000)
  from space 10240K, 97% used [0x00000000eac00000,0x00000000eb5c7618,0x00000000eb600000)
  to   space 17408K, 0% used [0x00000000e9400000,0x00000000e9400000,0x00000000ea500000)
 ParOldGen       total 260096K, used 28866K [0x00000000a0000000, 0x00000000afe00000, 0x00000000e0000000)
  object space 260096K, 11% used [0x00000000a0000000,0x00000000a1c30950,0x00000000afe00000)
 Metaspace       used 61312K, capacity 63274K, committed 63400K, reserved 1103872K
  class space    used 8348K, capacity 8812K, committed 8872K, reserved 1048576K
}
Event: 16.893 GC heap before
{Heap before GC invocations=14 (full 3):
 PSYoungGen      total 159744K, used 159517K [0x00000000e0000000, 0x00000000eb600000, 0x0000000100000000)
  eden space 149504K, 100% used [0x00000000e0000000,0x00000000e9200000,0x00000000e9200000)
  from space 10240K, 97% used [0x00000000eac00000,0x00000000eb5c7618,0x00000000eb600000)
  to   space 17408K, 0% used [0x00000000e9400000,0x00000000e9400000,0x00000000ea500000)
 ParOldGen       total 260096K, used 28866K [0x00000000a0000000, 0x00000000afe00000, 0x00000000e0000000)
  object space 260096K, 11% used [0x00000000a0000000,0x00000000a1c30950,0x00000000afe00000)
 Metaspace       used 74320K, capacity 76818K, committed 77096K, reserved 1116160K
  class space    used 9999K, capacity 10516K, committed 10536K, reserved 1048576K
Event: 16.913 GC heap after
Heap after GC invocations=14 (full 3):
 PSYoungGen      total 166912K, used 17383K [0x00000000e0000000, 0x00000000eb600000, 0x0000000100000000)
  eden space 149504K, 0% used [0x00000000e0000000,0x00000000e0000000,0x00000000e9200000)
  from space 17408K, 99% used [0x00000000e9400000,0x00000000ea4f9f40,0x00000000ea500000)
  to   space 10240K, 0% used [0x00000000eac00000,0x00000000eac00000,0x00000000eb600000)
 ParOldGen       total 260096K, used 35238K [0x00000000a0000000, 0x00000000afe00000, 0x00000000e0000000)
  object space 260096K, 13% used [0x00000000a0000000,0x00000000a2269ba8,0x00000000afe00000)
 Metaspace       used 74320K, capacity 76818K, committed 77096K, reserved 1116160K
  class space    used 9999K, capacity 10516K, committed 10536K, reserved 1048576K
}

