# JRE version: OpenJDK Runtime Environment (8.0_152-b01) (build 1.8.0_152-release-1343-b01)
# Java VM: OpenJDK 64-Bit Server VM (25.152-b01 mixed mode windows-amd64 compressed oops)
Heap:
 PSYoungGen      total 223232K, used 72839K [0x00000000e0000000, 0x00000000ef500000, 0x0000000100000000)
  eden space 206848K, 35% used [0x00000000e0000000,0x00000000e4721e60,0x00000000eca00000)
  from space 16384K, 0% used [0x00000000edd80000,0x00000000edd80000,0x00000000eed80000)
  to   space 19968K, 0% used [0x00000000eca00000,0x00000000eca00000,0x00000000edd80000)
 ParOldGen       total 253952K, used 33323K [0x00000000a0000000, 0x00000000af800000, 0x00000000e0000000)
  object space 253952K, 13% used [0x00000000a0000000,0x00000000a208af48,0x00000000af800000)
 Metaspace       used 59699K, capacity 61460K, committed 61528K, reserved 1101824K
  class space    used 8095K, capacity 8521K, committed 8576K, reserved 1048576K
GC Heap History (10 events):
Event: 4.981 GC heap before
{Heap before GC invocations=7 (full 1):
 PSYoungGen      total 138752K, used 31584K [0x00000000e0000000, 0x00000000ea780000, 0x0000000100000000)
  eden space 128000K, 16% used [0x00000000e0000000,0x00000000e1459328,0x00000000e7d00000)
  from space 10752K, 99% used [0x00000000e7d00000,0x00000000e877efc8,0x00000000e8780000)
  to   space 13312K, 0% used [0x00000000e9a80000,0x00000000e9a80000,0x00000000ea780000)
 ParOldGen       total 110592K, used 11067K [0x00000000a0000000, 0x00000000a6c00000, 0x00000000e0000000)
  object space 110592K, 10% used [0x00000000a0000000,0x00000000a0acecd8,0x00000000a6c00000)
 Metaspace       used 34609K, capacity 35288K, committed 35416K, reserved 1079296K
  class space    used 4791K, capacity 4987K, committed 4992K, reserved 1048576K
Event: 4.990 GC heap after
Heap after GC invocations=7 (full 1):
 PSYoungGen      total 158720K, used 8915K [0x00000000e0000000, 0x00000000ee000000, 0x0000000100000000)
  eden space 145408K, 0% used [0x00000000e0000000,0x00000000e0000000,0x00000000e8e00000)
  from space 13312K, 66% used [0x00000000e9a80000,0x00000000ea334cd8,0x00000000ea780000)
  to   space 12800K, 0% used [0x00000000e8e00000,0x00000000e8e00000,0x00000000e9a80000)
 ParOldGen       total 110592K, used 11075K [0x00000000a0000000, 0x00000000a6c00000, 0x00000000e0000000)
  object space 110592K, 10% used [0x00000000a0000000,0x00000000a0ad0cd8,0x00000000a6c00000)
 Metaspace       used 34609K, capacity 35288K, committed 35416K, reserved 1079296K
  class space    used 4791K, capacity 4987K, committed 4992K, reserved 1048576K
}
Event: 4.990 GC heap before
{Heap before GC invocations=8 (full 2):
 PSYoungGen      total 158720K, used 8915K [0x00000000e0000000, 0x00000000ee000000, 0x0000000100000000)
  eden space 145408K, 0% used [0x00000000e0000000,0x00000000e0000000,0x00000000e8e00000)
  from space 13312K, 66% used [0x00000000e9a80000,0x00000000ea334cd8,0x00000000ea780000)
  to   space 12800K, 0% used [0x00000000e8e00000,0x00000000e8e00000,0x00000000e9a80000)
 ParOldGen       total 110592K, used 11075K [0x00000000a0000000, 0x00000000a6c00000, 0x00000000e0000000)
  object space 110592K, 10% used [0x00000000a0000000,0x00000000a0ad0cd8,0x00000000a6c00000)
 Metaspace       used 34609K, capacity 35288K, committed 35416K, reserved 1079296K
  class space    used 4791K, capacity 4987K, committed 4992K, reserved 1048576K
Event: 5.043 GC heap after
Heap after GC invocations=8 (full 2):
 PSYoungGen      total 158720K, used 0K [0x00000000e0000000, 0x00000000ee000000, 0x0000000100000000)
  eden space 145408K, 0% used [0x00000000e0000000,0x00000000e0000000,0x00000000e8e00000)
  from space 13312K, 0% used [0x00000000e9a80000,0x00000000e9a80000,0x00000000ea780000)
  to   space 12800K, 0% used [0x00000000e8e00000,0x00000000e8e00000,0x00000000e9a80000)
 ParOldGen       total 167936K, used 15900K [0x00000000a0000000, 0x00000000aa400000, 0x00000000e0000000)
  object space 167936K, 9% used [0x00000000a0000000,0x00000000a0f87070,0x00000000aa400000)
 Metaspace       used 34573K, capacity 35168K, committed 35416K, reserved 1079296K
  class space    used 4780K, capacity 4967K, committed 4992K, reserved 1048576K
}
Event: 6.741 GC heap before
{Heap before GC invocations=9 (full 2):
 PSYoungGen      total 158720K, used 145408K [0x00000000e0000000, 0x00000000ee000000, 0x0000000100000000)
  eden space 145408K, 100% used [0x00000000e0000000,0x00000000e8e00000,0x00000000e8e00000)
  from space 13312K, 0% used [0x00000000e9a80000,0x00000000e9a80000,0x00000000ea780000)
  to   space 12800K, 0% used [0x00000000e8e00000,0x00000000e8e00000,0x00000000e9a80000)
 ParOldGen       total 167936K, used 15900K [0x00000000a0000000, 0x00000000aa400000, 0x00000000e0000000)
  object space 167936K, 9% used [0x00000000a0000000,0x00000000a0f87070,0x00000000aa400000)
 Metaspace       used 49583K, capacity 50574K, committed 51032K, reserved 1093632K
  class space    used 6676K, capacity 6948K, committed 7040K, reserved 1048576K
Event: 6.757 GC heap after
Heap after GC invocations=9 (full 2):
 PSYoungGen      total 158208K, used 12781K [0x00000000e0000000, 0x00000000eed80000, 0x0000000100000000)
  eden space 145408K, 0% used [0x00000000e0000000,0x00000000e0000000,0x00000000e8e00000)
  from space 12800K, 99% used [0x00000000e8e00000,0x00000000e9a7b7b8,0x00000000e9a80000)
  to   space 16384K, 0% used [0x00000000edd80000,0x00000000edd80000,0x00000000eed80000)
 ParOldGen       total 167936K, used 20511K [0x00000000a0000000, 0x00000000aa400000, 0x00000000e0000000)
  object space 167936K, 12% used [0x00000000a0000000,0x00000000a1407c70,0x00000000aa400000)
 Metaspace       used 49583K, capacity 50574K, committed 51032K, reserved 1093632K
  class space    used 6676K, capacity 6948K, committed 7040K, reserved 1048576K
}
Event: 7.772 GC heap before
{Heap before GC invocations=10 (full 2):
 PSYoungGen      total 158208K, used 108494K [0x00000000e0000000, 0x00000000eed80000, 0x0000000100000000)
  eden space 145408K, 65% used [0x00000000e0000000,0x00000000e5d780b8,0x00000000e8e00000)
  from space 12800K, 99% used [0x00000000e8e00000,0x00000000e9a7b7b8,0x00000000e9a80000)
  to   space 16384K, 0% used [0x00000000edd80000,0x00000000edd80000,0x00000000eed80000)
 ParOldGen       total 167936K, used 20511K [0x00000000a0000000, 0x00000000aa400000, 0x00000000e0000000)
  object space 167936K, 12% used [0x00000000a0000000,0x00000000a1407c70,0x00000000aa400000)
 Metaspace       used 57531K, capacity 58928K, committed 59028K, reserved 1099776K
  class space    used 7795K, capacity 8165K, committed 8192K, reserved 1048576K
Event: 7.789 GC heap after
Heap after GC invocations=10 (full 2):
 PSYoungGen      total 223232K, used 16357K [0x00000000e0000000, 0x00000000ef500000, 0x0000000100000000)
  eden space 206848K, 0% used [0x00000000e0000000,0x00000000e0000000,0x00000000eca00000)
  from space 16384K, 99% used [0x00000000edd80000,0x00000000eed797e8,0x00000000eed80000)
  to   space 19968K, 0% used [0x00000000eca00000,0x00000000eca00000,0x00000000edd80000)
 ParOldGen       total 167936K, used 23875K [0x00000000a0000000, 0x00000000aa400000, 0x00000000e0000000)
  object space 167936K, 14% used [0x00000000a0000000,0x00000000a1750ef8,0x00000000aa400000)
 Metaspace       used 57531K, capacity 58928K, committed 59028K, reserved 1099776K
  class space    used 7795K, capacity 8165K, committed 8192K, reserved 1048576K
}
Event: 7.789 GC heap before
{Heap before GC invocations=11 (full 3):
 PSYoungGen      total 223232K, used 16357K [0x00000000e0000000, 0x00000000ef500000, 0x0000000100000000)
  eden space 206848K, 0% used [0x00000000e0000000,0x00000000e0000000,0x00000000eca00000)
  from space 16384K, 99% used [0x00000000edd80000,0x00000000eed797e8,0x00000000eed80000)
  to   space 19968K, 0% used [0x00000000eca00000,0x00000000eca00000,0x00000000edd80000)
 ParOldGen       total 167936K, used 23875K [0x00000000a0000000, 0x00000000aa400000, 0x00000000e0000000)
  object space 167936K, 14% used [0x00000000a0000000,0x00000000a1750ef8,0x00000000aa400000)
 Metaspace       used 57531K, capacity 58928K, committed 59028K, reserved 1099776K
  class space    used 7795K, capacity 8165K, committed 8192K, reserved 1048576K
Event: 8.030 GC heap after
Heap after GC invocations=11 (full 3):
 PSYoungGen      total 223232K, used 0K [0x00000000e0000000, 0x00000000ef500000, 0x0000000100000000)
  eden space 206848K, 0% used [0x00000000e0000000,0x00000000e0000000,0x00000000eca00000)
  from space 16384K, 0% used [0x00000000edd80000,0x00000000edd80000,0x00000000eed80000)
  to   space 19968K, 0% used [0x00000000eca00000,0x00000000eca00000,0x00000000edd80000)
 ParOldGen       total 253952K, used 33323K [0x00000000a0000000, 0x00000000af800000, 0x00000000e0000000)
  object space 253952K, 13% used [0x00000000a0000000,0x00000000a208af48,0x00000000af800000)
 Metaspace       used 57531K, capacity 58928K, committed 59028K, reserved 1099776K
  class space    used 7795K, capacity 8165K, committed 8192K, reserved 1048576K
}

