# JRE version: OpenJDK Runtime Environment (8.0_202-b03) (build 1.8.0_202-release-1483-b03)
# Java VM: OpenJDK 64-Bit Server VM (25.202-b03 mixed mode windows-amd64 compressed oops)
Heap:
 PSYoungGen      total 76288K, used 57681K [0x00000000e0000000, 0x00000000e7300000, 0x0000000100000000)
  eden space 65536K, 74% used [0x00000000e0000000,0x00000000e2fe11a8,0x00000000e4000000)
  from space 10752K, 80% used [0x00000000e4000000,0x00000000e4873518,0x00000000e4a80000)
  to   space 12288K, 0% used [0x00000000e6700000,0x00000000e6700000,0x00000000e7300000)
 ParOldGen       total 120320K, used 11169K [0x00000000a0000000, 0x00000000a7580000, 0x00000000e0000000)
  object space 120320K, 9% used [0x00000000a0000000,0x00000000a0ae8440,0x00000000a7580000)
 Metaspace       used 34306K, capacity 34976K, committed 35200K, reserved 1079296K
  class space    used 4741K, capacity 4907K, committed 4992K, reserved 1048576K
GC Heap History (10 events):
Event: 18.515 GC heap before
{Heap before GC invocations=2 (full 0):
 PSYoungGen      total 76288K, used 72189K [0x00000000e0000000, 0x00000000e5500000, 0x0000000100000000)
  eden space 65536K, 100% used [0x00000000e0000000,0x00000000e4000000,0x00000000e4000000)
  from space 10752K, 61% used [0x00000000e4000000,0x00000000e467f630,0x00000000e4a80000)
  to   space 10752K, 0% used [0x00000000e4a80000,0x00000000e4a80000,0x00000000e5500000)
 ParOldGen       total 175104K, used 16K [0x00000000a0000000, 0x00000000aab00000, 0x00000000e0000000)
  object space 175104K, 0% used [0x00000000a0000000,0x00000000a0004000,0x00000000aab00000)
 Metaspace       used 15239K, capacity 15604K, committed 16000K, reserved 1062912K
  class space    used 2164K, capacity 2318K, committed 2432K, reserved 1048576K
Event: 18.534 GC heap after
Heap after GC invocations=2 (full 0):
 PSYoungGen      total 76288K, used 9969K [0x00000000e0000000, 0x00000000e5500000, 0x0000000100000000)
  eden space 65536K, 0% used [0x00000000e0000000,0x00000000e0000000,0x00000000e4000000)
  from space 10752K, 92% used [0x00000000e4a80000,0x00000000e543c660,0x00000000e5500000)
  to   space 10752K, 0% used [0x00000000e4000000,0x00000000e4000000,0x00000000e4a80000)
 ParOldGen       total 175104K, used 24K [0x00000000a0000000, 0x00000000aab00000, 0x00000000e0000000)
  object space 175104K, 0% used [0x00000000a0000000,0x00000000a0006000,0x00000000aab00000)
 Metaspace       used 15239K, capacity 15604K, committed 16000K, reserved 1062912K
  class space    used 2164K, capacity 2318K, committed 2432K, reserved 1048576K
}
Event: 19.836 GC heap before
{Heap before GC invocations=3 (full 0):
 PSYoungGen      total 76288K, used 63329K [0x00000000e0000000, 0x00000000e5500000, 0x0000000100000000)
  eden space 65536K, 81% used [0x00000000e0000000,0x00000000e341c0e0,0x00000000e4000000)
  from space 10752K, 92% used [0x00000000e4a80000,0x00000000e543c660,0x00000000e5500000)
  to   space 10752K, 0% used [0x00000000e4000000,0x00000000e4000000,0x00000000e4a80000)
 ParOldGen       total 175104K, used 24K [0x00000000a0000000, 0x00000000aab00000, 0x00000000e0000000)
  object space 175104K, 0% used [0x00000000a0000000,0x00000000a0006000,0x00000000aab00000)
 Metaspace       used 20798K, capacity 21120K, committed 21248K, reserved 1067008K
  class space    used 2924K, capacity 3062K, committed 3072K, reserved 1048576K
Event: 19.845 GC heap after
Heap after GC invocations=3 (full 0):
 PSYoungGen      total 76288K, used 10740K [0x00000000e0000000, 0x00000000e5500000, 0x0000000100000000)
  eden space 65536K, 0% used [0x00000000e0000000,0x00000000e0000000,0x00000000e4000000)
  from space 10752K, 99% used [0x00000000e4000000,0x00000000e4a7d248,0x00000000e4a80000)
  to   space 10752K, 0% used [0x00000000e4a80000,0x00000000e4a80000,0x00000000e5500000)
 ParOldGen       total 175104K, used 827K [0x00000000a0000000, 0x00000000aab00000, 0x00000000e0000000)
  object space 175104K, 0% used [0x00000000a0000000,0x00000000a00cedd8,0x00000000aab00000)
 Metaspace       used 20798K, capacity 21120K, committed 21248K, reserved 1067008K
  class space    used 2924K, capacity 3062K, committed 3072K, reserved 1048576K
}
Event: 19.846 GC heap before
{Heap before GC invocations=4 (full 1):
 PSYoungGen      total 76288K, used 10740K [0x00000000e0000000, 0x00000000e5500000, 0x0000000100000000)
  eden space 65536K, 0% used [0x00000000e0000000,0x00000000e0000000,0x00000000e4000000)
  from space 10752K, 99% used [0x00000000e4000000,0x00000000e4a7d248,0x00000000e4a80000)
  to   space 10752K, 0% used [0x00000000e4a80000,0x00000000e4a80000,0x00000000e5500000)
 ParOldGen       total 175104K, used 827K [0x00000000a0000000, 0x00000000aab00000, 0x00000000e0000000)
  object space 175104K, 0% used [0x00000000a0000000,0x00000000a00cedd8,0x00000000aab00000)
 Metaspace       used 20798K, capacity 21120K, committed 21248K, reserved 1067008K
  class space    used 2924K, capacity 3062K, committed 3072K, reserved 1048576K
Event: 20.011 GC heap after
Heap after GC invocations=4 (full 1):
 PSYoungGen      total 76288K, used 0K [0x00000000e0000000, 0x00000000e5500000, 0x0000000100000000)
  eden space 65536K, 0% used [0x00000000e0000000,0x00000000e0000000,0x00000000e4000000)
  from space 10752K, 0% used [0x00000000e4000000,0x00000000e4000000,0x00000000e4a80000)
  to   space 10752K, 0% used [0x00000000e4a80000,0x00000000e4a80000,0x00000000e5500000)
 ParOldGen       total 120320K, used 11153K [0x00000000a0000000, 0x00000000a7580000, 0x00000000e0000000)
  object space 120320K, 9% used [0x00000000a0000000,0x00000000a0ae4440,0x00000000a7580000)
 Metaspace       used 20798K, capacity 21120K, committed 21248K, reserved 1067008K
  class space    used 2924K, capacity 3062K, committed 3072K, reserved 1048576K
}
Event: 24.563 GC heap before
{Heap before GC invocations=5 (full 1):
 PSYoungGen      total 76288K, used 65536K [0x00000000e0000000, 0x00000000e5500000, 0x0000000100000000)
  eden space 65536K, 100% used [0x00000000e0000000,0x00000000e4000000,0x00000000e4000000)
  from space 10752K, 0% used [0x00000000e4000000,0x00000000e4000000,0x00000000e4a80000)
  to   space 10752K, 0% used [0x00000000e4a80000,0x00000000e4a80000,0x00000000e5500000)
 ParOldGen       total 120320K, used 11153K [0x00000000a0000000, 0x00000000a7580000, 0x00000000e0000000)
  object space 120320K, 9% used [0x00000000a0000000,0x00000000a0ae4440,0x00000000a7580000)
 Metaspace       used 28547K, capacity 28928K, committed 29184K, reserved 1075200K
  class space    used 3853K, capacity 4011K, committed 4096K, reserved 1048576K
Event: 24.569 GC heap after
Heap after GC invocations=5 (full 1):
 PSYoungGen      total 76288K, used 7566K [0x00000000e0000000, 0x00000000e6900000, 0x0000000100000000)
  eden space 65536K, 0% used [0x00000000e0000000,0x00000000e0000000,0x00000000e4000000)
  from space 10752K, 70% used [0x00000000e4a80000,0x00000000e51e3ad8,0x00000000e5500000)
  to   space 10752K, 0% used [0x00000000e4000000,0x00000000e4000000,0x00000000e4a80000)
 ParOldGen       total 120320K, used 11161K [0x00000000a0000000, 0x00000000a7580000, 0x00000000e0000000)
  object space 120320K, 9% used [0x00000000a0000000,0x00000000a0ae6440,0x00000000a7580000)
 Metaspace       used 28547K, capacity 28928K, committed 29184K, reserved 1075200K
  class space    used 3853K, capacity 4011K, committed 4096K, reserved 1048576K
}
Event: 25.135 GC heap before
{Heap before GC invocations=6 (full 1):
 PSYoungGen      total 76288K, used 73102K [0x00000000e0000000, 0x00000000e6900000, 0x0000000100000000)
  eden space 65536K, 100% used [0x00000000e0000000,0x00000000e4000000,0x00000000e4000000)
  from space 10752K, 70% used [0x00000000e4a80000,0x00000000e51e3ad8,0x00000000e5500000)
  to   space 10752K, 0% used [0x00000000e4000000,0x00000000e4000000,0x00000000e4a80000)
 ParOldGen       total 120320K, used 11161K [0x00000000a0000000, 0x00000000a7580000, 0x00000000e0000000)
  object space 120320K, 9% used [0x00000000a0000000,0x00000000a0ae6440,0x00000000a7580000)
 Metaspace       used 31883K, capacity 32376K, committed 32768K, reserved 1077248K
  class space    used 4390K, capacity 4563K, committed 4608K, reserved 1048576K
Event: 25.142 GC heap after
Heap after GC invocations=6 (full 1):
 PSYoungGen      total 76288K, used 8653K [0x00000000e0000000, 0x00000000e7300000, 0x0000000100000000)
  eden space 65536K, 0% used [0x00000000e0000000,0x00000000e0000000,0x00000000e4000000)
  from space 10752K, 80% used [0x00000000e4000000,0x00000000e4873518,0x00000000e4a80000)
  to   space 12288K, 0% used [0x00000000e6700000,0x00000000e6700000,0x00000000e7300000)
 ParOldGen       total 120320K, used 11169K [0x00000000a0000000, 0x00000000a7580000, 0x00000000e0000000)
  object space 120320K, 9% used [0x00000000a0000000,0x00000000a0ae8440,0x00000000a7580000)
 Metaspace       used 31883K, capacity 32376K, committed 32768K, reserved 1077248K
  class space    used 4390K, capacity 4563K, committed 4608K, reserved 1048576K
}

